<?xml version="1.0" encoding="UTF-8"?>
<!-- Generated by org.testng.reporters.JUnitReportReporter -->
<testsuite hostname="DMOLDOVEANU-L3" failures="0" tests="2" name="Curs12.TestExample" time="0.032" errors="0" timestamp="2022-07-06T10:33:04 EEST" skipped="0">
  <testcase classname="Curs12.TestExample" name="testCeva" time="0.001"/>
  <system-out/>
  <testcase classname="Curs12.TestExample" name="testAltceva" time="0.031"/>
  <system-out/>
</testsuite> <!-- Curs12.TestExample -->
