<?xml version="1.0" encoding="UTF-8"?>
<!-- Generated by org.testng.reporters.JUnitReportReporter -->
<testsuite hostname="DMOLDOVEANU-L3" failures="0" tests="4" name="Curs12.TestExample2" time="0.004" errors="0" timestamp="2022-07-06T11:00:40 EEST" skipped="0">
  <testcase classname="Curs12.TestExample2" name="runMultipleTimesWithTestNg" time="0.000"/>
  <system-out/>
  <testcase classname="Curs12.TestExample2" name="runMultipleTimesWithTestNg" time="0.001"/>
  <system-out/>
  <testcase classname="Curs12.TestExample2" name="runMultipleTimesWithTestNg" time="0.003"/>
  <system-out/>
  <testcase classname="Curs12.TestExample2" name="runMultipleTimesWithTestNg" time="0.000"/>
  <system-out/>
</testsuite> <!-- Curs12.TestExample2 -->
