<?xml version="1.0" encoding="UTF-8"?>
<!-- Generated by org.testng.reporters.JUnitReportReporter -->
<testsuite hostname="DMOLDOVEANU-L3" failures="0" tests="3" name="Curs14.TestCase" time="0.007" errors="0" timestamp="2022-07-19T09:40:39 EEST" skipped="0">
  <testcase classname="Curs14.TestCase" name="testCase3" time="0.001"/>
  <system-out/>
  <testcase classname="Curs14.TestCase" name="testCase1" time="0.005"/>
  <system-out/>
  <testcase classname="Curs14.TestCase" name="testCase2" time="0.001"/>
  <system-out/>
</testsuite> <!-- Curs14.TestCase -->
